<?xml version="1.0" encoding="UTF-8"?>
<!-- Generated by org.testng.reporters.JUnitXMLReporter -->
<testsuite ignored="0" hostname="DESKTOP-SUU1T5N" failures="0" tests="6" name="Surefire test" time="16.586" errors="0" timestamp="2023-11-28T18:42:21 CET">
  <testcase classname="pl.wm.test.RestApiTests" name="lastNameShouldBe_Wong" time="10.562"/>
  <testcase classname="pl.wm.test.RestApiTests" name="serverShouldReturn_200" time="0.204"/>
  <testcase classname="pl.wm.test.RestApiTests" name="validateResponseJsonObjects" time="1.461"/>
  <testcase classname="pl.wm.test.RestApiTests" name="verifyHeadersAreSent" time="1.746"/>
  <testcase classname="pl.wm.test.RestApiTests" name="verifyResponseContentTypeAndCharset" time="1.004"/>
  <testcase classname="pl.wm.test.RestApiTests" name="verifySumOfResponseObjects" time="1.42"/>
</testsuite> <!-- Surefire test -->
