<?xml version="1.0" encoding="UTF-8"?>
<testng-results ignored="0" total="6" passed="6" failed="0" skipped="0">
  <reporter-output>
  </reporter-output>
  <suite started-at="2023-11-28T18:42:05 CET" name="Surefire suite" finished-at="2023-11-28T18:42:21 CET" duration-ms="16586">
    <groups>
    </groups>
    <test started-at="2023-11-28T18:42:05 CET" name="Surefire test" finished-at="2023-11-28T18:42:21 CET" duration-ms="16586">
      <class name="pl.wm.test.RestApiTests">
        <test-method signature="lastNameShouldBe_Wong()[pri:0, instance:pl.wm.test.RestApiTests@2b6856dd]" started-at="2023-11-28T18:42:05 CET" name="lastNameShouldBe_Wong" finished-at="2023-11-28T18:42:15 CET" duration-ms="10562" status="PASS">
          <reporter-output>
          </reporter-output>
        </test-method> <!-- lastNameShouldBe_Wong -->
        <test-method signature="serverShouldReturn_200()[pri:0, instance:pl.wm.test.RestApiTests@2b6856dd]" started-at="2023-11-28T18:42:15 CET" name="serverShouldReturn_200" finished-at="2023-11-28T18:42:15 CET" duration-ms="204" status="PASS">
          <reporter-output>
          </reporter-output>
        </test-method> <!-- serverShouldReturn_200 -->
        <test-method signature="validateResponseJsonObjects()[pri:0, instance:pl.wm.test.RestApiTests@2b6856dd]" started-at="2023-11-28T18:42:15 CET" name="validateResponseJsonObjects" finished-at="2023-11-28T18:42:17 CET" duration-ms="1461" status="PASS">
          <reporter-output>
          </reporter-output>
        </test-method> <!-- validateResponseJsonObjects -->
        <test-method signature="verifyHeadersAreSent()[pri:0, instance:pl.wm.test.RestApiTests@2b6856dd]" started-at="2023-11-28T18:42:17 CET" name="verifyHeadersAreSent" finished-at="2023-11-28T18:42:19 CET" duration-ms="1746" status="PASS">
          <reporter-output>
          </reporter-output>
        </test-method> <!-- verifyHeadersAreSent -->
        <test-method signature="verifyResponseContentTypeAndCharset()[pri:0, instance:pl.wm.test.RestApiTests@2b6856dd]" started-at="2023-11-28T18:42:19 CET" name="verifyResponseContentTypeAndCharset" finished-at="2023-11-28T18:42:20 CET" duration-ms="1004" status="PASS">
          <reporter-output>
          </reporter-output>
        </test-method> <!-- verifyResponseContentTypeAndCharset -->
        <test-method signature="verifySumOfResponseObjects()[pri:0, instance:pl.wm.test.RestApiTests@2b6856dd]" started-at="2023-11-28T18:42:20 CET" name="verifySumOfResponseObjects" finished-at="2023-11-28T18:42:21 CET" duration-ms="1420" status="PASS">
          <reporter-output>
          </reporter-output>
        </test-method> <!-- verifySumOfResponseObjects -->
      </class> <!-- pl.wm.test.RestApiTests -->
    </test> <!-- Surefire test -->
  </suite> <!-- Surefire suite -->
</testng-results>
